{"name": "Проверка ответа на вопрос №{question_index + 1}", "status": "broken", "statusDetails": {"message": "selenium.common.exceptions.ElementClickInterceptedException: Message: Element <div id=\"accordion__heading-2\" class=\"accordion__button\"> is not clickable at point (1052,177) because another element <img src=\"/assets/scooter.png\"> obscures it\nStacktrace:\nRemoteError@chrome://remote/content/shared/RemoteError.sys.mjs:8:8\nWebDriverError@chrome://remote/content/shared/webdriver/Errors.sys.mjs:199:5\nElementClickInterceptedError@chrome://remote/content/shared/webdriver/Errors.sys.mjs:351:5\nwebdriverClickElement@chrome://remote/content/marionette/interaction.sys.mjs:175:11\ninteraction.clickElement@chrome://remote/content/marionette/interaction.sys.mjs:134:11\nclickElement@chrome://remote/content/marionette/actors/MarionetteCommandsChild.sys.mjs:327:29\nreceiveMessage@chrome://remote/content/marionette/actors/MarionetteCommandsChild.sys.mjs:210:31", "trace": "self = <tests.test_faq.TestFAQ object at 0x000001AB0AC42060>, driver = <selenium.webdriver.firefox.webdriver.WebDriver (session=\"0be8b7fc-d18e-435b-9da5-58adf21a1848\")>, question_index = 2\nexpected_answer = 'Допустим, вы оформляете заказ на 8 мая. Мы привозим самокат 8 мая в течение дня. Отсчёт времени аренды начинается с м...та, когда вы оплатите заказ курьеру. Если мы привезли самокат 8 мая в 20:30, суточная аренда закончится 9 мая в 20:30.'\n\n    @allure.title('Проверка ответа на вопрос №{question_index + 1}')\n    @pytest.mark.parametrize('question_index, expected_answer', FAQ_DATA)\n    def test_faq_question_answer(self, driver, question_index, expected_answer):\n        main_page = MainPage(driver)\n    \n        with allure.step('Открыть главную страницу'):\n            main_page.go_to_site()\n    \n        with allure.step(f'Кликнуть на вопрос №{question_index + 1}'):\n>           main_page.click_faq_question(question_index)\n\ntests\\test_faq.py:29: \n_ _ _ _ _ _ _ _ _ _ _ _ _ _ _ _ _ _ _ _ _ _ _ _ _ _ _ _ _ _ _ _ _ _ _ _ _ _ _ _ _ _ _ _ _ _ _ _ _ _ _ _ _ _ _ _ _ _ _ _ _ _ _ _ _ _ _ _ _ _ _ _ _ _ _ _ _ _ _ _ _ _ _ _ _ _ _ _ _ _ _ _ _ _ _ _ _ _ _ _ _\npages\\main_page.py:29: in click_faq_question\n    question.click()\nC:\\Users\\Пользователь\\AppData\\Local\\Programs\\Python\\Python313\\Lib\\site-packages\\selenium\\webdriver\\remote\\webelement.py:93: in click\n    self._execute(Command.CLICK_ELEMENT)\nC:\\Users\\Пользователь\\AppData\\Local\\Programs\\Python\\Python313\\Lib\\site-packages\\selenium\\webdriver\\remote\\webelement.py:394: in _execute\n    return self._parent.execute(command, params)\nC:\\Users\\Пользователь\\AppData\\Local\\Programs\\Python\\Python313\\Lib\\site-packages\\selenium\\webdriver\\remote\\webdriver.py:346: in execute\n    self.error_handler.check_response(response)\n_ _ _ _ _ _ _ _ _ _ _ _ _ _ _ _ _ _ _ _ _ _ _ _ _ _ _ _ _ _ _ _ _ _ _ _ _ _ _ _ _ _ _ _ _ _ _ _ _ _ _ _ _ _ _ _ _ _ _ _ _ _ _ _ _ _ _ _ _ _ _ _ _ _ _ _ _ _ _ _ _ _ _ _ _ _ _ _ _ _ _ _ _ _ _ _ _ _ _ _ _\n\nself = <selenium.webdriver.remote.errorhandler.ErrorHandler object at 0x000001AB0ACAA350>\nresponse = {'status': 400, 'value': '{\"value\":{\"error\":\"element click intercepted\",\"message\":\"Element <div id=\\\\\"accordion__headi...\"accordion__heading-2\\\\\" class=\\\\\"accordion__button\\\\\">\",\"overlayingElement\":\"<img src=\\\\\"/assets/scooter.png\\\\\">\"}}}'}\n\n    def check_response(self, response: Dict[str, Any]) -> None:\n        \"\"\"Checks that a JSON response from the WebDriver does not have an\n        error.\n    \n        :Args:\n         - response - The JSON response from the WebDriver server as a dictionary\n           object.\n    \n        :Raises: If the response contains an error message.\n        \"\"\"\n        status = response.get(\"status\", None)\n        if not status or status == ErrorCode.SUCCESS:\n            return\n        value = None\n        message = response.get(\"message\", \"\")\n        screen: str = response.get(\"screen\", \"\")\n        stacktrace = None\n        if isinstance(status, int):\n            value_json = response.get(\"value\", None)\n            if value_json and isinstance(value_json, str):\n                import json\n    \n                try:\n                    value = json.loads(value_json)\n                    if len(value) == 1:\n                        value = value[\"value\"]\n                    status = value.get(\"error\", None)\n                    if not status:\n                        status = value.get(\"status\", ErrorCode.UNKNOWN_ERROR)\n                        message = value.get(\"value\") or value.get(\"message\")\n                        if not isinstance(message, str):\n                            value = message\n                            message = message.get(\"message\")\n                    else:\n                        message = value.get(\"message\", None)\n                except ValueError:\n                    pass\n    \n        exception_class: Type[WebDriverException]\n        e = ErrorCode()\n        error_codes = [item for item in dir(e) if not item.startswith(\"__\")]\n        for error_code in error_codes:\n            error_info = getattr(ErrorCode, error_code)\n            if isinstance(error_info, list) and status in error_info:\n                exception_class = getattr(ExceptionMapping, error_code, WebDriverException)\n                break\n        else:\n            exception_class = WebDriverException\n    \n        if not value:\n            value = response[\"value\"]\n        if isinstance(value, str):\n            raise exception_class(value)\n        if message == \"\" and \"message\" in value:\n            message = value[\"message\"]\n    \n        screen = None  # type: ignore[assignment]\n        if \"screen\" in value:\n            screen = value[\"screen\"]\n    \n        stacktrace = None\n        st_value = value.get(\"stackTrace\") or value.get(\"stacktrace\")\n        if st_value:\n            if isinstance(st_value, str):\n                stacktrace = st_value.split(\"\\n\")\n            else:\n                stacktrace = []\n                try:\n                    for frame in st_value:\n                        line = frame.get(\"lineNumber\", \"\")\n                        file = frame.get(\"fileName\", \"<anonymous>\")\n                        if line:\n                            file = f\"{file}:{line}\"\n                        meth = frame.get(\"methodName\", \"<anonymous>\")\n                        if \"className\" in frame:\n                            meth = f\"{frame['className']}.{meth}\"\n                        msg = \"    at %s (%s)\"\n                        msg = msg % (meth, file)\n                        stacktrace.append(msg)\n                except TypeError:\n                    pass\n        if exception_class == UnexpectedAlertPresentException:\n            alert_text = None\n            if \"data\" in value:\n                alert_text = value[\"data\"].get(\"text\")\n            elif \"alert\" in value:\n                alert_text = value[\"alert\"].get(\"text\")\n            raise exception_class(message, screen, stacktrace, alert_text)  # type: ignore[call-arg]  # mypy is not smart enough here\n>       raise exception_class(message, screen, stacktrace)\nE       selenium.common.exceptions.ElementClickInterceptedException: Message: Element <div id=\"accordion__heading-2\" class=\"accordion__button\"> is not clickable at point (1052,177) because another element <img src=\"/assets/scooter.png\"> obscures it\nE       Stacktrace:\nE       RemoteError@chrome://remote/content/shared/RemoteError.sys.mjs:8:8\nE       WebDriverError@chrome://remote/content/shared/webdriver/Errors.sys.mjs:199:5\nE       ElementClickInterceptedError@chrome://remote/content/shared/webdriver/Errors.sys.mjs:351:5\nE       webdriverClickElement@chrome://remote/content/marionette/interaction.sys.mjs:175:11\nE       interaction.clickElement@chrome://remote/content/marionette/interaction.sys.mjs:134:11\nE       clickElement@chrome://remote/content/marionette/actors/MarionetteCommandsChild.sys.mjs:327:29\nE       receiveMessage@chrome://remote/content/marionette/actors/MarionetteCommandsChild.sys.mjs:210:31\n\nC:\\Users\\Пользователь\\AppData\\Local\\Programs\\Python\\Python313\\Lib\\site-packages\\selenium\\webdriver\\remote\\errorhandler.py:229: ElementClickInterceptedException"}, "steps": [{"name": "Открыть главную страницу", "status": "passed", "start": 1757258096677, "stop": 1757258099754}, {"name": "Кликнуть на вопрос №3", "status": "broken", "statusDetails": {"message": "selenium.common.exceptions.ElementClickInterceptedException: Message: Element <div id=\"accordion__heading-2\" class=\"accordion__button\"> is not clickable at point (1052,177) because another element <img src=\"/assets/scooter.png\"> obscures it\nStacktrace:\nRemoteError@chrome://remote/content/shared/RemoteError.sys.mjs:8:8\nWebDriverError@chrome://remote/content/shared/webdriver/Errors.sys.mjs:199:5\nElementClickInterceptedError@chrome://remote/content/shared/webdriver/Errors.sys.mjs:351:5\nwebdriverClickElement@chrome://remote/content/marionette/interaction.sys.mjs:175:11\ninteraction.clickElement@chrome://remote/content/marionette/interaction.sys.mjs:134:11\nclickElement@chrome://remote/content/marionette/actors/MarionetteCommandsChild.sys.mjs:327:29\nreceiveMessage@chrome://remote/content/marionette/actors/MarionetteCommandsChild.sys.mjs:210:31\n\n", "trace": "  File \"C:\\cygwin64\\home\\Пользователь\\Sprint_6\\tests\\test_faq.py\", line 29, in test_faq_question_answer\n    main_page.click_faq_question(question_index)\n    ~~~~~~~~~~~~~~~~~~~~~~~~~~~~^^^^^^^^^^^^^^^^\n  File \"C:\\cygwin64\\home\\Пользователь\\Sprint_6\\pages\\main_page.py\", line 29, in click_faq_question\n    question.click()\n    ~~~~~~~~~~~~~~^^\n  File \"C:\\Users\\Пользователь\\AppData\\Local\\Programs\\Python\\Python313\\Lib\\site-packages\\selenium\\webdriver\\remote\\webelement.py\", line 93, in click\n    self._execute(Command.CLICK_ELEMENT)\n    ~~~~~~~~~~~~~^^^^^^^^^^^^^^^^^^^^^^^\n  File \"C:\\Users\\Пользователь\\AppData\\Local\\Programs\\Python\\Python313\\Lib\\site-packages\\selenium\\webdriver\\remote\\webelement.py\", line 394, in _execute\n    return self._parent.execute(command, params)\n           ~~~~~~~~~~~~~~~~~~~~^^^^^^^^^^^^^^^^^\n  File \"C:\\Users\\Пользователь\\AppData\\Local\\Programs\\Python\\Python313\\Lib\\site-packages\\selenium\\webdriver\\remote\\webdriver.py\", line 346, in execute\n    self.error_handler.check_response(response)\n    ~~~~~~~~~~~~~~~~~~~~~~~~~~~~~~~~~^^^^^^^^^^\n  File \"C:\\Users\\Пользователь\\AppData\\Local\\Programs\\Python\\Python313\\Lib\\site-packages\\selenium\\webdriver\\remote\\errorhandler.py\", line 229, in check_response\n    raise exception_class(message, screen, stacktrace)\n"}, "start": 1757258099754, "stop": 1757258099774}], "parameters": [{"name": "question_index", "value": "2"}, {"name": "expected_answer", "value": "'Допустим, вы оформляете заказ на 8 мая. Мы привозим самокат 8 мая в течение дня. Отсчёт времени аренды начинается с момента, когда вы оплатите заказ курьеру. Если мы привезли самокат 8 мая в 20:30, суточная аренда закончится 9 мая в 20:30.'"}], "start": 1757258096677, "stop": 1757258099775, "uuid": "62f600d5-6795-45b5-bc9e-777ccaf3db99", "historyId": "659710a3379a74a6a6191dae3f434f82", "testCaseId": "8f588da582cd7ab34b0a0714d643f176", "fullName": "tests.test_faq.TestFAQ#test_faq_question_answer", "labels": [{"name": "feature", "value": "FAQ раздел"}, {"name": "story", "value": "Проверка выпадающего списка вопросов"}, {"name": "parentSuite", "value": "tests"}, {"name": "suite", "value": "test_faq"}, {"name": "subSuite", "value": "TestFAQ"}, {"name": "host", "value": "HOME-PC"}, {"name": "thread", "value": "14908-MainThread"}, {"name": "framework", "value": "pytest"}, {"name": "language", "value": "cpython3"}, {"name": "package", "value": "tests.test_faq"}], "titlePath": ["tests", "test_faq.py", "TestFAQ"]}