{"name": "Заказ через нижнюю кнопку - серый самокат", "status": "broken", "statusDetails": {"message": "selenium.common.exceptions.ElementClickInterceptedException: Message: Element <li class=\"select-search__row\"> is not clickable at point (683,591) because another element <div class=\"App_CookieConsent__1yUIN\"> obscures it\nStacktrace:\nRemoteError@chrome://remote/content/shared/RemoteError.sys.mjs:8:8\nWebDriverError@chrome://remote/content/shared/webdriver/Errors.sys.mjs:199:5\nElementClickInterceptedError@chrome://remote/content/shared/webdriver/Errors.sys.mjs:351:5\nwebdriverClickElement@chrome://remote/content/marionette/interaction.sys.mjs:175:11\ninteraction.clickElement@chrome://remote/content/marionette/interaction.sys.mjs:134:11\nclickElement@chrome://remote/content/marionette/actors/MarionetteCommandsChild.sys.mjs:327:29\nreceiveMessage@chrome://remote/content/marionette/actors/MarionetteCommandsChild.sys.mjs:210:31", "trace": "self = <test_order.TestOrder object at 0x0000017EEDB91D10>, driver = <selenium.webdriver.firefox.webdriver.WebDriver (session=\"a6046a76-dc66-4fa0-951f-c95a409ea941\")>\n\n    @allure.title('Заказ через нижнюю кнопку - серый самокат')\n    def test_order_bottom_button_grey_scooter(self, driver):\n        order_data = ORDER_TEST_DATA[1]\n>       self._perform_order_test(driver, order_data)\n\ntests\\test_order.py:19: \n_ _ _ _ _ _ _ _ _ _ _ _ _ _ _ _ _ _ _ _ _ _ _ _ _ _ _ _ _ _ _ _ _ _ _ _ _ _ _ _ _ _ _ _ _ _ _ _ _ _ _ _ _ _ _ _ _ _ _ _ _ _ _ _ _ _ _ _ _ _ _ _ _ _ _ _ _ _ _ _ _ _ _ _ _ _ _ _ _ _ _ _ _ _ _ _ _ _ _ _ _ _ _ _ _ _ _ _ _ \ntests\\test_order.py:36: in _perform_order_test\n    order_page.fill_personal_info(\npages\\order_page.py:39: in fill_personal_info\n    station.click()\nC:\\Users\\Пользователь\\AppData\\Local\\Programs\\Python\\Python313\\Lib\\site-packages\\selenium\\webdriver\\remote\\webelement.py:93: in click\n    self._execute(Command.CLICK_ELEMENT)\nC:\\Users\\Пользователь\\AppData\\Local\\Programs\\Python\\Python313\\Lib\\site-packages\\selenium\\webdriver\\remote\\webelement.py:394: in _execute\n    return self._parent.execute(command, params)\nC:\\Users\\Пользователь\\AppData\\Local\\Programs\\Python\\Python313\\Lib\\site-packages\\selenium\\webdriver\\remote\\webdriver.py:346: in execute\n    self.error_handler.check_response(response)\n_ _ _ _ _ _ _ _ _ _ _ _ _ _ _ _ _ _ _ _ _ _ _ _ _ _ _ _ _ _ _ _ _ _ _ _ _ _ _ _ _ _ _ _ _ _ _ _ _ _ _ _ _ _ _ _ _ _ _ _ _ _ _ _ _ _ _ _ _ _ _ _ _ _ _ _ _ _ _ _ _ _ _ _ _ _ _ _ _ _ _ _ _ _ _ _ _ _ _ _ _ _ _ _ _ _ _ _ _ \n\nself = <selenium.webdriver.remote.errorhandler.ErrorHandler object at 0x0000017EEE031950>\nresponse = {'status': 400, 'value': '{\"value\":{\"error\":\"element click intercepted\",\"message\":\"Element <li class=\\\\\"select-search_...redElement\":\"<li class=\\\\\"select-search__row\\\\\">\",\"overlayingElement\":\"<div class=\\\\\"App_CookieConsent__1yUIN\\\\\">\"}}}'}\n\n    def check_response(self, response: Dict[str, Any]) -> None:\n        \"\"\"Checks that a JSON response from the WebDriver does not have an\n        error.\n    \n        :Args:\n         - response - The JSON response from the WebDriver server as a dictionary\n           object.\n    \n        :Raises: If the response contains an error message.\n        \"\"\"\n        status = response.get(\"status\", None)\n        if not status or status == ErrorCode.SUCCESS:\n            return\n        value = None\n        message = response.get(\"message\", \"\")\n        screen: str = response.get(\"screen\", \"\")\n        stacktrace = None\n        if isinstance(status, int):\n            value_json = response.get(\"value\", None)\n            if value_json and isinstance(value_json, str):\n                import json\n    \n                try:\n                    value = json.loads(value_json)\n                    if len(value) == 1:\n                        value = value[\"value\"]\n                    status = value.get(\"error\", None)\n                    if not status:\n                        status = value.get(\"status\", ErrorCode.UNKNOWN_ERROR)\n                        message = value.get(\"value\") or value.get(\"message\")\n                        if not isinstance(message, str):\n                            value = message\n                            message = message.get(\"message\")\n                    else:\n                        message = value.get(\"message\", None)\n                except ValueError:\n                    pass\n    \n        exception_class: Type[WebDriverException]\n        e = ErrorCode()\n        error_codes = [item for item in dir(e) if not item.startswith(\"__\")]\n        for error_code in error_codes:\n            error_info = getattr(ErrorCode, error_code)\n            if isinstance(error_info, list) and status in error_info:\n                exception_class = getattr(ExceptionMapping, error_code, WebDriverException)\n                break\n        else:\n            exception_class = WebDriverException\n    \n        if not value:\n            value = response[\"value\"]\n        if isinstance(value, str):\n            raise exception_class(value)\n        if message == \"\" and \"message\" in value:\n            message = value[\"message\"]\n    \n        screen = None  # type: ignore[assignment]\n        if \"screen\" in value:\n            screen = value[\"screen\"]\n    \n        stacktrace = None\n        st_value = value.get(\"stackTrace\") or value.get(\"stacktrace\")\n        if st_value:\n            if isinstance(st_value, str):\n                stacktrace = st_value.split(\"\\n\")\n            else:\n                stacktrace = []\n                try:\n                    for frame in st_value:\n                        line = frame.get(\"lineNumber\", \"\")\n                        file = frame.get(\"fileName\", \"<anonymous>\")\n                        if line:\n                            file = f\"{file}:{line}\"\n                        meth = frame.get(\"methodName\", \"<anonymous>\")\n                        if \"className\" in frame:\n                            meth = f\"{frame['className']}.{meth}\"\n                        msg = \"    at %s (%s)\"\n                        msg = msg % (meth, file)\n                        stacktrace.append(msg)\n                except TypeError:\n                    pass\n        if exception_class == UnexpectedAlertPresentException:\n            alert_text = None\n            if \"data\" in value:\n                alert_text = value[\"data\"].get(\"text\")\n            elif \"alert\" in value:\n                alert_text = value[\"alert\"].get(\"text\")\n            raise exception_class(message, screen, stacktrace, alert_text)  # type: ignore[call-arg]  # mypy is not smart enough here\n>       raise exception_class(message, screen, stacktrace)\nE       selenium.common.exceptions.ElementClickInterceptedException: Message: Element <li class=\"select-search__row\"> is not clickable at point (683,591) because another element <div class=\"App_CookieConsent__1yUIN\"> obscures it\nE       Stacktrace:\nE       RemoteError@chrome://remote/content/shared/RemoteError.sys.mjs:8:8\nE       WebDriverError@chrome://remote/content/shared/webdriver/Errors.sys.mjs:199:5\nE       ElementClickInterceptedError@chrome://remote/content/shared/webdriver/Errors.sys.mjs:351:5\nE       webdriverClickElement@chrome://remote/content/marionette/interaction.sys.mjs:175:11\nE       interaction.clickElement@chrome://remote/content/marionette/interaction.sys.mjs:134:11\nE       clickElement@chrome://remote/content/marionette/actors/MarionetteCommandsChild.sys.mjs:327:29\nE       receiveMessage@chrome://remote/content/marionette/actors/MarionetteCommandsChild.sys.mjs:210:31\n\nC:\\Users\\Пользователь\\AppData\\Local\\Programs\\Python\\Python313\\Lib\\site-packages\\selenium\\webdriver\\remote\\errorhandler.py:229: ElementClickInterceptedException"}, "steps": [{"name": "Открыть главную страницу", "status": "passed", "steps": [{"name": "Перейти на сайт", "status": "passed", "start": 1757526465931, "stop": 1757526468767}], "start": 1757526465931, "stop": 1757526468767}, {"name": "Нажать кнопку \"Заказать\" (bottom)", "status": "passed", "steps": [{"name": "Кликнуть нижнюю кнопку заказа", "status": "passed", "steps": [{"name": "Найти элемент по локатору: ('xpath', \"//div[contains(@class, 'Home_FinishButton')]//button[text()='Заказать']\")", "status": "passed", "parameters": [{"name": "locator", "value": "('xpath', \"//div[contains(@class, 'Home_FinishButton')]//button[text()='Заказать']\")"}, {"name": "time", "value": "10"}], "start": 1757526468767, "stop": 1757526468780}, {"name": "Скролл к элементу", "status": "passed", "parameters": [{"name": "element", "value": "<selenium.webdriver.remote.webelement.WebElement (session=\"a6046a76-dc66-4fa0-951f-c95a409ea941\", element=\"8b5b59ed-1dc4-4bf4-80f2-ba5ca77297d7\")>"}], "start": 1757526468780, "stop": 1757526468785}], "start": 1757526468767, "stop": 1757526468870}], "start": 1757526468767, "stop": 1757526468870}, {"name": "Заполнить форму личной информации", "status": "broken", "statusDetails": {"message": "selenium.common.exceptions.ElementClickInterceptedException: Message: Element <li class=\"select-search__row\"> is not clickable at point (683,591) because another element <div class=\"App_CookieConsent__1yUIN\"> obscures it\nStacktrace:\nRemoteError@chrome://remote/content/shared/RemoteError.sys.mjs:8:8\nWebDriverError@chrome://remote/content/shared/webdriver/Errors.sys.mjs:199:5\nElementClickInterceptedError@chrome://remote/content/shared/webdriver/Errors.sys.mjs:351:5\nwebdriverClickElement@chrome://remote/content/marionette/interaction.sys.mjs:175:11\ninteraction.clickElement@chrome://remote/content/marionette/interaction.sys.mjs:134:11\nclickElement@chrome://remote/content/marionette/actors/MarionetteCommandsChild.sys.mjs:327:29\nreceiveMessage@chrome://remote/content/marionette/actors/MarionetteCommandsChild.sys.mjs:210:31\n\n", "trace": "  File \"C:\\cygwin64\\home\\Пользователь\\Sprint_6\\tests\\test_order.py\", line 36, in _perform_order_test\n    order_page.fill_personal_info(\n    ~~~~~~~~~~~~~~~~~~~~~~~~~~~~~^\n        order_data[\"name\"],\n        ^^^^^^^^^^^^^^^^^^^\n    ...<3 lines>...\n        order_data[\"phone\"]\n        ^^^^^^^^^^^^^^^^^^^\n    )\n    ^\n  File \"C:\\cygwin64\\home\\Пользователь\\Sprint_6\\pages\\order_page.py\", line 39, in fill_personal_info\n    station.click()\n    ~~~~~~~~~~~~~^^\n  File \"C:\\Users\\Пользователь\\AppData\\Local\\Programs\\Python\\Python313\\Lib\\site-packages\\selenium\\webdriver\\remote\\webelement.py\", line 93, in click\n    self._execute(Command.CLICK_ELEMENT)\n    ~~~~~~~~~~~~~^^^^^^^^^^^^^^^^^^^^^^^\n  File \"C:\\Users\\Пользователь\\AppData\\Local\\Programs\\Python\\Python313\\Lib\\site-packages\\selenium\\webdriver\\remote\\webelement.py\", line 394, in _execute\n    return self._parent.execute(command, params)\n           ~~~~~~~~~~~~~~~~~~~~^^^^^^^^^^^^^^^^^\n  File \"C:\\Users\\Пользователь\\AppData\\Local\\Programs\\Python\\Python313\\Lib\\site-packages\\selenium\\webdriver\\remote\\webdriver.py\", line 346, in execute\n    self.error_handler.check_response(response)\n    ~~~~~~~~~~~~~~~~~~~~~~~~~~~~~~~~~^^^^^^^^^^\n  File \"C:\\Users\\Пользователь\\AppData\\Local\\Programs\\Python\\Python313\\Lib\\site-packages\\selenium\\webdriver\\remote\\errorhandler.py\", line 229, in check_response\n    raise exception_class(message, screen, stacktrace)\n"}, "steps": [{"name": "Найти элемент по локатору: ('xpath', \"//input[@placeholder='* Имя']\")", "status": "passed", "parameters": [{"name": "locator", "value": "('xpath', \"//input[@placeholder='* Имя']\")"}, {"name": "time", "value": "10"}], "start": 1757526468870, "stop": 1757526468873}, {"name": "Найти элемент по локатору: ('xpath', \"//input[@placeholder='* Фамилия']\")", "status": "passed", "parameters": [{"name": "locator", "value": "('xpath', \"//input[@placeholder='* Фамилия']\")"}, {"name": "time", "value": "10"}], "start": 1757526468919, "stop": 1757526468921}, {"name": "Найти элемент по локатору: ('xpath', \"//input[@placeholder='* Адрес: куда привезти заказ']\")", "status": "passed", "parameters": [{"name": "locator", "value": "('xpath', \"//input[@placeholder='* Адрес: куда привезти заказ']\")"}, {"name": "time", "value": "10"}], "start": 1757526468932, "stop": 1757526468934}, {"name": "Найти элемент по локатору: ('xpath', \"//input[@placeholder='* Станция метро']\")", "status": "passed", "parameters": [{"name": "locator", "value": "('xpath', \"//input[@placeholder='* Станция метро']\")"}, {"name": "time", "value": "10"}], "start": 1757526468953, "stop": 1757526468955}, {"name": "Найти элементы по локатору: ('xpath', \"//div[@class='select-search__select']//li\")", "status": "passed", "parameters": [{"name": "locator", "value": "('xpath', \"//div[@class='select-search__select']//li\")"}, {"name": "time", "value": "10"}], "start": 1757526469029, "stop": 1757526469035}], "start": 1757526468870, "stop": 1757526469069}], "start": 1757526465930, "stop": 1757526469071, "uuid": "70d5abff-3734-4a58-b770-a1d121917efc", "historyId": "ac69ca1874451276a4376aed48442c18", "testCaseId": "ac69ca1874451276a4376aed48442c18", "fullName": "tests.test_order.TestOrder#test_order_bottom_button_grey_scooter", "labels": [{"name": "story", "value": "Позитивные сценарии заказа"}, {"name": "feature", "value": "Заказ самоката"}, {"name": "parentSuite", "value": "tests"}, {"name": "suite", "value": "test_order"}, {"name": "subSuite", "value": "TestOrder"}, {"name": "host", "value": "HOME-PC"}, {"name": "thread", "value": "5764-MainThread"}, {"name": "framework", "value": "pytest"}, {"name": "language", "value": "cpython3"}, {"name": "package", "value": "tests.test_order"}], "titlePath": ["tests", "test_order.py", "TestOrder"]}