{"name": "Заказ через верхнюю кнопку - черный самокат", "status": "broken", "statusDetails": {"message": "selenium.common.exceptions.TimeoutException: Message: Can't find element by locator ('xpath', \"//div[contains(@class, 'Home_Header')]//button[text()='Заказать']\")\nStacktrace:\nRemoteError@chrome://remote/content/shared/RemoteError.sys.mjs:8:8\nWebDriverError@chrome://remote/content/shared/webdriver/Errors.sys.mjs:199:5\nNoSuchElementError@chrome://remote/content/shared/webdriver/Errors.sys.mjs:552:5\ndom.find/</<@chrome://remote/content/shared/DOM.sys.mjs:136:16", "trace": "self = <test_order.TestOrder object at 0x0000017EEDB91E50>, driver = <selenium.webdriver.firefox.webdriver.WebDriver (session=\"9c055884-4073-4cc3-8f59-c0af0ff4e2f0\")>\n\n    @allure.title('Заказ через верхнюю кнопку - черный самокат')\n    def test_order_top_button_black_scooter(self, driver):\n        order_data = ORDER_TEST_DATA[0]\n>       self._perform_order_test(driver, order_data)\n\ntests\\test_order.py:14: \n_ _ _ _ _ _ _ _ _ _ _ _ _ _ _ _ _ _ _ _ _ _ _ _ _ _ _ _ _ _ _ _ _ _ _ _ _ _ _ _ _ _ _ _ _ _ _ _ _ _ _ _ _ _ _ _ _ _ _ _ _ _ _ _ _ _ _ _ _ _ _ _ _ _ _ _ _ _ _ _ _ _ _ _ _ _ _ _ _ _ _ _ _ _ _ _ _ _ _ _ _ _ _ _ _ _ _ _ _ \ntests\\test_order.py:31: in _perform_order_test\n    main_page.click_order_button_top()\npages\\main_page.py:46: in click_order_button_top\n    button = self.find_element(self.ORDER_BUTTON_TOP)\npages\\base_page.py:14: in find_element\n    return WebDriverWait(self.driver, time).until(\n_ _ _ _ _ _ _ _ _ _ _ _ _ _ _ _ _ _ _ _ _ _ _ _ _ _ _ _ _ _ _ _ _ _ _ _ _ _ _ _ _ _ _ _ _ _ _ _ _ _ _ _ _ _ _ _ _ _ _ _ _ _ _ _ _ _ _ _ _ _ _ _ _ _ _ _ _ _ _ _ _ _ _ _ _ _ _ _ _ _ _ _ _ _ _ _ _ _ _ _ _ _ _ _ _ _ _ _ _ \n\nself = <selenium.webdriver.support.wait.WebDriverWait (session=\"9c055884-4073-4cc3-8f59-c0af0ff4e2f0\")>, method = <function presence_of_element_located.<locals>._predicate at 0x0000017EEDBC7880>\nmessage = 'Can\\'t find element by locator (\\'xpath\\', \"//div[contains(@class, \\'Home_Header\\')]//button[text()=\\'Заказать\\']\")'\n\n    def until(self, method: Callable[[WebDriver], Union[Literal[False], T]], message: str = \"\") -> T:\n        \"\"\"Calls the method provided with the driver as an argument until the \\\n        return value does not evaluate to ``False``.\n    \n        :param method: callable(WebDriver)\n        :param message: optional message for :exc:`TimeoutException`\n        :returns: the result of the last call to `method`\n        :raises: :exc:`selenium.common.exceptions.TimeoutException` if timeout occurs\n        \"\"\"\n        screen = None\n        stacktrace = None\n    \n        end_time = time.monotonic() + self._timeout\n        while True:\n            try:\n                value = method(self._driver)\n                if value:\n                    return value\n            except self._ignored_exceptions as exc:\n                screen = getattr(exc, \"screen\", None)\n                stacktrace = getattr(exc, \"stacktrace\", None)\n            time.sleep(self._poll)\n            if time.monotonic() > end_time:\n                break\n>       raise TimeoutException(message, screen, stacktrace)\nE       selenium.common.exceptions.TimeoutException: Message: Can't find element by locator ('xpath', \"//div[contains(@class, 'Home_Header')]//button[text()='Заказать']\")\nE       Stacktrace:\nE       RemoteError@chrome://remote/content/shared/RemoteError.sys.mjs:8:8\nE       WebDriverError@chrome://remote/content/shared/webdriver/Errors.sys.mjs:199:5\nE       NoSuchElementError@chrome://remote/content/shared/webdriver/Errors.sys.mjs:552:5\nE       dom.find/</<@chrome://remote/content/shared/DOM.sys.mjs:136:16\n\nC:\\Users\\Пользователь\\AppData\\Local\\Programs\\Python\\Python313\\Lib\\site-packages\\selenium\\webdriver\\support\\wait.py:101: TimeoutException"}, "steps": [{"name": "Открыть главную страницу", "status": "passed", "steps": [{"name": "Перейти на сайт", "status": "passed", "start": 1757526446437, "stop": 1757526448771}], "start": 1757526446437, "stop": 1757526448771}, {"name": "Нажать кнопку \"Заказать\" (top)", "status": "broken", "statusDetails": {"message": "selenium.common.exceptions.TimeoutException: Message: Can't find element by locator ('xpath', \"//div[contains(@class, 'Home_Header')]//button[text()='Заказать']\")\nStacktrace:\nRemoteError@chrome://remote/content/shared/RemoteError.sys.mjs:8:8\nWebDriverError@chrome://remote/content/shared/webdriver/Errors.sys.mjs:199:5\nNoSuchElementError@chrome://remote/content/shared/webdriver/Errors.sys.mjs:552:5\ndom.find/</<@chrome://remote/content/shared/DOM.sys.mjs:136:16\n\n", "trace": "  File \"C:\\cygwin64\\home\\Пользователь\\Sprint_6\\tests\\test_order.py\", line 31, in _perform_order_test\n    main_page.click_order_button_top()\n    ~~~~~~~~~~~~~~~~~~~~~~~~~~~~~~~~^^\n  File \"C:\\Users\\Пользователь\\AppData\\Local\\Programs\\Python\\Python313\\Lib\\site-packages\\allure_commons\\_allure.py\", line 202, in impl\n    return func(*a, **kw)\n  File \"C:\\cygwin64\\home\\Пользователь\\Sprint_6\\pages\\main_page.py\", line 46, in click_order_button_top\n    button = self.find_element(self.ORDER_BUTTON_TOP)\n  File \"C:\\Users\\Пользователь\\AppData\\Local\\Programs\\Python\\Python313\\Lib\\site-packages\\allure_commons\\_allure.py\", line 202, in impl\n    return func(*a, **kw)\n  File \"C:\\cygwin64\\home\\Пользователь\\Sprint_6\\pages\\base_page.py\", line 14, in find_element\n    return WebDriverWait(self.driver, time).until(\n           ~~~~~~~~~~~~~~~~~~~~~~~~~~~~~~~~~~~~~~^\n        EC.presence_of_element_located(locator),\n        ^^^^^^^^^^^^^^^^^^^^^^^^^^^^^^^^^^^^^^^^\n        message=f\"Can't find element by locator {locator}\"\n        ^^^^^^^^^^^^^^^^^^^^^^^^^^^^^^^^^^^^^^^^^^^^^^^^^^\n    )\n    ^\n  File \"C:\\Users\\Пользователь\\AppData\\Local\\Programs\\Python\\Python313\\Lib\\site-packages\\selenium\\webdriver\\support\\wait.py\", line 101, in until\n    raise TimeoutException(message, screen, stacktrace)\n"}, "steps": [{"name": "Кликнуть верхнюю кнопку заказа", "status": "broken", "statusDetails": {"message": "selenium.common.exceptions.TimeoutException: Message: Can't find element by locator ('xpath', \"//div[contains(@class, 'Home_Header')]//button[text()='Заказать']\")\nStacktrace:\nRemoteError@chrome://remote/content/shared/RemoteError.sys.mjs:8:8\nWebDriverError@chrome://remote/content/shared/webdriver/Errors.sys.mjs:199:5\nNoSuchElementError@chrome://remote/content/shared/webdriver/Errors.sys.mjs:552:5\ndom.find/</<@chrome://remote/content/shared/DOM.sys.mjs:136:16\n\n", "trace": "  File \"C:\\Users\\Пользователь\\AppData\\Local\\Programs\\Python\\Python313\\Lib\\site-packages\\allure_commons\\_allure.py\", line 202, in impl\n    return func(*a, **kw)\n  File \"C:\\cygwin64\\home\\Пользователь\\Sprint_6\\pages\\main_page.py\", line 46, in click_order_button_top\n    button = self.find_element(self.ORDER_BUTTON_TOP)\n  File \"C:\\Users\\Пользователь\\AppData\\Local\\Programs\\Python\\Python313\\Lib\\site-packages\\allure_commons\\_allure.py\", line 202, in impl\n    return func(*a, **kw)\n  File \"C:\\cygwin64\\home\\Пользователь\\Sprint_6\\pages\\base_page.py\", line 14, in find_element\n    return WebDriverWait(self.driver, time).until(\n           ~~~~~~~~~~~~~~~~~~~~~~~~~~~~~~~~~~~~~~^\n        EC.presence_of_element_located(locator),\n        ^^^^^^^^^^^^^^^^^^^^^^^^^^^^^^^^^^^^^^^^\n        message=f\"Can't find element by locator {locator}\"\n        ^^^^^^^^^^^^^^^^^^^^^^^^^^^^^^^^^^^^^^^^^^^^^^^^^^\n    )\n    ^\n  File \"C:\\Users\\Пользователь\\AppData\\Local\\Programs\\Python\\Python313\\Lib\\site-packages\\selenium\\webdriver\\support\\wait.py\", line 101, in until\n    raise TimeoutException(message, screen, stacktrace)\n"}, "steps": [{"name": "Найти элемент по локатору: ('xpath', \"//div[contains(@class, 'Home_Header')]//button[text()='Заказать']\")", "status": "broken", "statusDetails": {"message": "selenium.common.exceptions.TimeoutException: Message: Can't find element by locator ('xpath', \"//div[contains(@class, 'Home_Header')]//button[text()='Заказать']\")\nStacktrace:\nRemoteError@chrome://remote/content/shared/RemoteError.sys.mjs:8:8\nWebDriverError@chrome://remote/content/shared/webdriver/Errors.sys.mjs:199:5\nNoSuchElementError@chrome://remote/content/shared/webdriver/Errors.sys.mjs:552:5\ndom.find/</<@chrome://remote/content/shared/DOM.sys.mjs:136:16\n\n", "trace": "  File \"C:\\Users\\Пользователь\\AppData\\Local\\Programs\\Python\\Python313\\Lib\\site-packages\\allure_commons\\_allure.py\", line 202, in impl\n    return func(*a, **kw)\n  File \"C:\\cygwin64\\home\\Пользователь\\Sprint_6\\pages\\base_page.py\", line 14, in find_element\n    return WebDriverWait(self.driver, time).until(\n           ~~~~~~~~~~~~~~~~~~~~~~~~~~~~~~~~~~~~~~^\n        EC.presence_of_element_located(locator),\n        ^^^^^^^^^^^^^^^^^^^^^^^^^^^^^^^^^^^^^^^^\n        message=f\"Can't find element by locator {locator}\"\n        ^^^^^^^^^^^^^^^^^^^^^^^^^^^^^^^^^^^^^^^^^^^^^^^^^^\n    )\n    ^\n  File \"C:\\Users\\Пользователь\\AppData\\Local\\Programs\\Python\\Python313\\Lib\\site-packages\\selenium\\webdriver\\support\\wait.py\", line 101, in until\n    raise TimeoutException(message, screen, stacktrace)\n"}, "parameters": [{"name": "locator", "value": "('xpath', \"//div[contains(@class, 'Home_Header')]//button[text()='Заказать']\")"}, {"name": "time", "value": "10"}], "start": 1757526448771, "stop": 1757526458893}], "start": 1757526448771, "stop": 1757526458896}], "start": 1757526448771, "stop": 1757526458898}], "start": 1757526446437, "stop": 1757526458900, "uuid": "8b02c6b4-b5d8-4087-8c70-8635e71968ba", "historyId": "ee3bf0fdc9148a15a82f7c84718f50a1", "testCaseId": "ee3bf0fdc9148a15a82f7c84718f50a1", "fullName": "tests.test_order.TestOrder#test_order_top_button_black_scooter", "labels": [{"name": "story", "value": "Позитивные сценарии заказа"}, {"name": "feature", "value": "Заказ самоката"}, {"name": "parentSuite", "value": "tests"}, {"name": "suite", "value": "test_order"}, {"name": "subSuite", "value": "TestOrder"}, {"name": "host", "value": "HOME-PC"}, {"name": "thread", "value": "5764-MainThread"}, {"name": "framework", "value": "pytest"}, {"name": "language", "value": "cpython3"}, {"name": "package", "value": "tests.test_order"}], "titlePath": ["tests", "test_order.py", "TestOrder"]}